0 info it worked if it ends with ok
1 verbose cli [ '/usr/local/bin/node', '/usr/local/bin/npm', 'publish' ]
2 info using npm@4.0.5
3 info using node@v5.6.0
4 verbose publish [ '.' ]
5 silly cache add args [ '.', null ]
6 verbose cache add spec .
7 silly cache add parsed spec Result {
7 silly cache add   raw: '.',
7 silly cache add   scope: null,
7 silly cache add   escapedName: null,
7 silly cache add   name: null,
7 silly cache add   rawSpec: '.',
7 silly cache add   spec: '/Users/nemo/Documents/github/react-ios-alert',
7 silly cache add   type: 'directory' }
8 verbose addLocalDirectory /Users/nemo/.npm/react-ios-alert/1.0.0/package.tgz not in flight; packing
9 verbose correctMkdir /Users/nemo/.npm correctMkdir not in flight; initializing
10 warn prepublish-on-install As of npm@5, `prepublish` scripts will run only for `npm publish`.
11 warn prepublish-on-install (In npm@4 and previous versions, it also runs for `npm install`.)
12 warn prepublish-on-install See the deprecation note in `npm help scripts` for more information.
13 info lifecycle react-ios-alert@1.0.0~prepublish: react-ios-alert@1.0.0
14 verbose lifecycle react-ios-alert@1.0.0~prepublish: unsafe-perm in lifecycle true
15 verbose lifecycle react-ios-alert@1.0.0~prepublish: PATH: /usr/local/lib/node_modules/npm/bin/node-gyp-bin:/Users/nemo/Documents/github/react-ios-alert/node_modules/.bin:/opt/local/bin:/opt/local/sbin:/opt/local/sbin:/opt/local/bin:/usr/local/bin:/usr/bin:/bin:/usr/sbin:/sbin:/opt/local/bin:/opt/local/sbin:/usr/local/git/bin:/Users/nemo/.rvm/bin:/Users/nemo/Applications/mysql-5.7.11-osx10.10-x86_64/bin
16 verbose lifecycle react-ios-alert@1.0.0~prepublish: CWD: /Users/nemo/Documents/github/react-ios-alert
17 silly lifecycle react-ios-alert@1.0.0~prepublish: Args: [ '-c', 'npm run build' ]
18 silly lifecycle react-ios-alert@1.0.0~prepublish: Returned: code: 0  signal: null
19 info lifecycle react-ios-alert@1.0.0~prepare: react-ios-alert@1.0.0
20 silly lifecycle react-ios-alert@1.0.0~prepare: no script for prepare, continuing
21 verbose tar pack [ '/Users/nemo/.npm/react-ios-alert/1.0.0/package.tgz',
21 verbose tar pack   '/Users/nemo/Documents/github/react-ios-alert' ]
22 verbose tarball /Users/nemo/.npm/react-ios-alert/1.0.0/package.tgz
23 verbose folder /Users/nemo/Documents/github/react-ios-alert
24 verbose addLocalTarball adding from inside cache /Users/nemo/.npm/react-ios-alert/1.0.0/package.tgz
25 verbose correctMkdir /Users/nemo/.npm correctMkdir not in flight; initializing
26 silly cache afterAdd react-ios-alert@1.0.0
27 verbose afterAdd /Users/nemo/.npm/react-ios-alert/1.0.0/package/package.json not in flight; writing
28 verbose correctMkdir /Users/nemo/.npm correctMkdir not in flight; initializing
29 verbose afterAdd /Users/nemo/.npm/react-ios-alert/1.0.0/package/package.json written
30 silly publish { name: 'react-ios-alert',
30 silly publish   version: '1.0.0',
30 silly publish   description: 'A alert tips for mobile web',
30 silly publish   main: 'dist/react-ios-alert.min.js',
30 silly publish   scripts:
30 silly publish    { build: 'npm run build:umd & npm run build:umd:min',
30 silly publish      'build:umd': 'webpack',
30 silly publish      'build:umd:min': 'NODE_ENV=production webpack',
30 silly publish      test: 'echo "Error: no test specified" && exit 1',
30 silly publish      prepublish: 'npm run build' },
30 silly publish   repository:
30 silly publish    { type: 'git',
30 silly publish      url: 'git+https://github.com/Caesor/react-alert.git' },
30 silly publish   author: { name: 'liaozksysu@gmail.com' },
30 silly publish   license: 'MIT',
30 silly publish   bugs: { url: 'https://github.com/Caesor/react-alert/issues' },
30 silly publish   homepage: 'https://github.com/Caesor/react-alert#readme',
30 silly publish   dependencies:
30 silly publish    { react: '^15.4.1',
30 silly publish      'react-singleton': '^1.3.0',
30 silly publish      'react-tap-event': '^1.0.3' },
30 silly publish   devDependencies:
30 silly publish    { 'babel-core': '^6.21.0',
30 silly publish      'babel-loader': '^6.2.10',
30 silly publish      'babel-preset-es2015': '^6.18.0',
30 silly publish      'babel-preset-react': '^6.16.0',
30 silly publish      'babel-preset-stage-1': '^6.16.0',
30 silly publish      'css-loader': '^0.26.1',
30 silly publish      'extract-text-webpack-plugin': '^1.0.1',
30 silly publish      less: '^2.7.1',
30 silly publish      'less-loader': '^2.2.3',
30 silly publish      'style-loader': '^0.13.1',
30 silly publish      webpack: '^1.14.0' },
30 silly publish   readme: '# react-alert\nAlert component imitated iOS build with react\n\n## Demo\nYou can find demo in folder [example](https://github.com/Caesor/react-alert/examples)\n\n![demo](./demo.png)\n\n## Usage with React\n\n### 1、Install the package\n`npm install react-alert --save`\n\n### 2、Using as your need\n```\n// Example 1:\n\nimport React, { Component } from \'react\'\nimport Alert from \'react-alert\'\n\nimport \'react-ios-alert/dist/react-ios-alert.min.css\'\n\nclass Main extends Component {\n    state = {\n        showAlert: false\n    }\n    render() {\n        const alertOpt = {\n                title: \'Alert\',\n                content: \'This is a demo!\',\n                confirmText: \'Yes\',\n                cancelText: \'Cancel\',\n                callback: function(){alert(\'yes callback called!\')},\n                cancelCallback: function(){alert(\'cancel callback called!\')},\n                close: this.hide.bind(this)\n            };\n        return (\n            <div>\n                {\n                    !!this.state.showAlert && <Alert {...alertOpt} />\n                }\n                <button onClick={e=>this.show()}>click me to show Alert</button>\n            </div>\n        )\n    }\n    show() {\n        this.setState({\n            showAlert: true\n        })\n    }\n    hide() {\n        this.setState({\n            showAlert: false\n        })\n    }\n}\n\n// Example 2:\n\nimport { SingleAlert } from \'react-alert\'\n\n// You can call SingleAlert.show anywhere and anytime, there will be only one Alert DOM node be added.\n\nSingleAlert.show({\n    content: \'Alert实例\',\n    confirmText: \'知道了\'\n});\n\nsetTimeout(() => {\n    SingleAlert.hide();\n}, 3000)\n```\n## Configuration\n| Param     | Type     | Description |\n| :------------- | :------------- | :------------- |\n| title       | string       | The brief description of purpose |\n| content       | string / JSX       | The detail statement of purpose |\n| confirmText       | string       | The text in CONFIRM button |\n| cancelText       | string       | The text in CANCEL button |\n| confirmAtRight       | bool       | The CONFIRM is at the right of CANCEL button or not |\n| callback       | function       | Events called after CONFIRM button is clicked |\n| cancelCallback       | function       | Events called after CANCEL button is clicked |\n| close       | function       | Use container\'s method to close the Alert Dialog |\n| useTap  | bool       | Use Tap event as default, not Click |\n\n## License\nCopyright(c) 2016-2017 AlloyTeam. Licensed under MIT license.\n',
30 silly publish   readmeFilename: 'README.md',
30 silly publish   gitHead: 'fd571bd0b2da437d7e0dcaf41b0eadefcd990af9',
30 silly publish   _id: 'react-ios-alert@1.0.0',
30 silly publish   _shasum: 'a400faf9b744b4a728092a1e4cacd939cef68418',
30 silly publish   _from: '.' }
31 info lifecycle react-ios-alert@1.0.0~prepublishOnly: react-ios-alert@1.0.0
32 silly lifecycle react-ios-alert@1.0.0~prepublishOnly: no script for prepublishOnly, continuing
33 verbose getPublishConfig undefined
34 silly mapToRegistry name react-ios-alert
35 silly mapToRegistry using default registry
36 silly mapToRegistry registry https://registry.npmjs.org/
37 silly mapToRegistry data Result {
37 silly mapToRegistry   raw: 'react-ios-alert',
37 silly mapToRegistry   scope: null,
37 silly mapToRegistry   escapedName: 'react-ios-alert',
37 silly mapToRegistry   name: 'react-ios-alert',
37 silly mapToRegistry   rawSpec: '',
37 silly mapToRegistry   spec: 'latest',
37 silly mapToRegistry   type: 'tag' }
38 silly mapToRegistry uri https://registry.npmjs.org/react-ios-alert
39 verbose publish registryBase https://registry.npmjs.org/
40 silly publish uploading /Users/nemo/.npm/react-ios-alert/1.0.0/package.tgz
41 verbose request uri https://registry.npmjs.org/react-ios-alert
42 verbose request sending authorization for write operation
43 info attempt registry request try #1 at 4:58:24 PM
44 verbose request using bearer token for auth
45 verbose request id 15f6c08cc472f914
46 http request PUT https://registry.npmjs.org/react-ios-alert
47 http 403 https://registry.npmjs.org/react-ios-alert
48 verbose headers { 'content-type': 'application/json',
48 verbose headers   'cache-control': 'max-age=300',
48 verbose headers   'content-length': '95',
48 verbose headers   'accept-ranges': 'bytes',
48 verbose headers   date: 'Wed, 28 Dec 2016 08:58:25 GMT',
48 verbose headers   via: '1.1 varnish',
48 verbose headers   connection: 'keep-alive',
48 verbose headers   'x-served-by': 'cache-nrt6133-NRT',
48 verbose headers   'x-cache': 'MISS',
48 verbose headers   'x-cache-hits': '0',
48 verbose headers   'x-timer': 'S1482915505.008930,VS0,VE898',
48 verbose headers   vary: 'Accept-Encoding' }
49 verbose request invalidating /Users/nemo/.npm/registry.npmjs.org/react-ios-alert on PUT
50 error publish Failed PUT 403
51 verbose stack Error: "You cannot publish over the previously published version 1.0.0." : react-ios-alert
51 verbose stack     at makeError (/usr/local/lib/node_modules/npm/node_modules/npm-registry-client/lib/request.js:302:12)
51 verbose stack     at CachingRegistryClient.<anonymous> (/usr/local/lib/node_modules/npm/node_modules/npm-registry-client/lib/request.js:290:14)
51 verbose stack     at Request._callback (/usr/local/lib/node_modules/npm/node_modules/npm-registry-client/lib/request.js:210:14)
51 verbose stack     at Request.self.callback (/usr/local/lib/node_modules/npm/node_modules/request/request.js:186:22)
51 verbose stack     at emitTwo (events.js:100:13)
51 verbose stack     at Request.emit (events.js:185:7)
51 verbose stack     at Request.<anonymous> (/usr/local/lib/node_modules/npm/node_modules/request/request.js:1081:10)
51 verbose stack     at emitOne (events.js:90:13)
51 verbose stack     at Request.emit (events.js:182:7)
51 verbose stack     at IncomingMessage.<anonymous> (/usr/local/lib/node_modules/npm/node_modules/request/request.js:1001:12)
52 verbose statusCode 403
53 verbose pkgid react-ios-alert
54 verbose cwd /Users/nemo/Documents/github/react-ios-alert
55 error Darwin 16.0.0
56 error argv "/usr/local/bin/node" "/usr/local/bin/npm" "publish"
57 error node v5.6.0
58 error npm  v4.0.5
59 error code E403
60 error "You cannot publish over the previously published version 1.0.0." : react-ios-alert
61 error If you need help, you may report this error at:
61 error     <https://github.com/npm/npm/issues>
62 verbose exit [ 1, true ]
